Determining if the pthread_create exist failed with the following output:
Change Dir: /home/bill/wilenn-5/S0008E/Labb1/lab-env-master/cmake-build-debug/CMakeFiles/CMakeTmp

Run Build Command:"/usr/bin/make" "cmTC_97e26/fast"
/usr/bin/make -f CMakeFiles/cmTC_97e26.dir/build.make CMakeFiles/cmTC_97e26.dir/build
make[1]: Entering directory `/home/bill/wilenn-5/S0008E/Labb1/lab-env-master/cmake-build-debug/CMakeFiles/CMakeTmp'
Building C object CMakeFiles/cmTC_97e26.dir/CheckSymbolExists.c.o
/usr/bin/cc    -o CMakeFiles/cmTC_97e26.dir/CheckSymbolExists.c.o   -c /home/bill/wilenn-5/S0008E/Labb1/lab-env-master/cmake-build-debug/CMakeFiles/CMakeTmp/CheckSymbolExists.c
Linking C executable cmTC_97e26
/home/bill/Desktop/clion-2017.2.1/bin/cmake/bin/cmake -E cmake_link_script CMakeFiles/cmTC_97e26.dir/link.txt --verbose=1
/usr/bin/cc      -rdynamic CMakeFiles/cmTC_97e26.dir/CheckSymbolExists.c.o  -o cmTC_97e26 
CMakeFiles/cmTC_97e26.dir/CheckSymbolExists.c.o: In function `main':
CheckSymbolExists.c:(.text+0x16): undefined reference to `pthread_create'
collect2: error: ld returned 1 exit status
make[1]: *** [cmTC_97e26] Error 1
make[1]: Leaving directory `/home/bill/wilenn-5/S0008E/Labb1/lab-env-master/cmake-build-debug/CMakeFiles/CMakeTmp'
make: *** [cmTC_97e26/fast] Error 2

File /home/bill/wilenn-5/S0008E/Labb1/lab-env-master/cmake-build-debug/CMakeFiles/CMakeTmp/CheckSymbolExists.c:
/* */
#include <pthread.h>

int main(int argc, char** argv)
{
  (void)argv;
#ifndef pthread_create
  return ((int*)(&pthread_create))[argc];
#else
  (void)argc;
  return 0;
#endif
}

Determining if the function pthread_create exists in the pthreads failed with the following output:
Change Dir: /home/bill/wilenn-5/S0008E/Labb1/lab-env-master/cmake-build-debug/CMakeFiles/CMakeTmp

Run Build Command:"/usr/bin/make" "cmTC_371dc/fast"
/usr/bin/make -f CMakeFiles/cmTC_371dc.dir/build.make CMakeFiles/cmTC_371dc.dir/build
make[1]: Entering directory `/home/bill/wilenn-5/S0008E/Labb1/lab-env-master/cmake-build-debug/CMakeFiles/CMakeTmp'
Building C object CMakeFiles/cmTC_371dc.dir/CheckFunctionExists.c.o
/usr/bin/cc   -DCHECK_FUNCTION_EXISTS=pthread_create   -o CMakeFiles/cmTC_371dc.dir/CheckFunctionExists.c.o   -c /home/bill/Desktop/clion-2017.2.1/bin/cmake/share/cmake-3.8/Modules/CheckFunctionExists.c
Linking C executable cmTC_371dc
/home/bill/Desktop/clion-2017.2.1/bin/cmake/bin/cmake -E cmake_link_script CMakeFiles/cmTC_371dc.dir/link.txt --verbose=1
/usr/bin/cc  -DCHECK_FUNCTION_EXISTS=pthread_create    -rdynamic CMakeFiles/cmTC_371dc.dir/CheckFunctionExists.c.o  -o cmTC_371dc -lpthreads 
/usr/bin/ld: cannot find -lpthreads
collect2: error: ld returned 1 exit status
make[1]: *** [cmTC_371dc] Error 1
make[1]: Leaving directory `/home/bill/wilenn-5/S0008E/Labb1/lab-env-master/cmake-build-debug/CMakeFiles/CMakeTmp'
make: *** [cmTC_371dc/fast] Error 2


Determining if the function glXGetProcAddressEXT exists failed with the following output:
Change Dir: /home/bill/wilenn-5/S0008E/Labb1/lab-env-master/cmake-build-debug/CMakeFiles/CMakeTmp

Run Build Command:"/usr/bin/make" "cmTC_a5155/fast"
/usr/bin/make -f CMakeFiles/cmTC_a5155.dir/build.make CMakeFiles/cmTC_a5155.dir/build
make[1]: Entering directory `/home/bill/wilenn-5/S0008E/Labb1/lab-env-master/cmake-build-debug/CMakeFiles/CMakeTmp'
Building C object CMakeFiles/cmTC_a5155.dir/CheckFunctionExists.c.o
/usr/bin/cc   -DCHECK_FUNCTION_EXISTS=glXGetProcAddressEXT   -o CMakeFiles/cmTC_a5155.dir/CheckFunctionExists.c.o   -c /home/bill/Desktop/clion-2017.2.1/bin/cmake/share/cmake-3.8/Modules/CheckFunctionExists.c
Linking C executable cmTC_a5155
/home/bill/Desktop/clion-2017.2.1/bin/cmake/bin/cmake -E cmake_link_script CMakeFiles/cmTC_a5155.dir/link.txt --verbose=1
/usr/bin/cc  -DCHECK_FUNCTION_EXISTS=glXGetProcAddressEXT    -rdynamic CMakeFiles/cmTC_a5155.dir/CheckFunctionExists.c.o  -o cmTC_a5155 /usr/lib/x86_64-linux-gnu/libGL.so 
CMakeFiles/cmTC_a5155.dir/CheckFunctionExists.c.o: In function `main':
CheckFunctionExists.c:(.text+0x10): undefined reference to `glXGetProcAddressEXT'
collect2: error: ld returned 1 exit status
make[1]: *** [cmTC_a5155] Error 1
make[1]: Leaving directory `/home/bill/wilenn-5/S0008E/Labb1/lab-env-master/cmake-build-debug/CMakeFiles/CMakeTmp'
make: *** [cmTC_a5155/fast] Error 2


